[2021-11-27T11:31:12.228362+01:00] VideoClubLog.INFO: Añadido soporte Metroid Dread. [] []
[2021-11-27T11:31:12.287621+01:00] VideoClubLog.INFO: Añadido soporte Pokémon Diamante Brillante. [] []
[2021-11-27T11:31:12.287938+01:00] VideoClubLog.INFO: Añadido soporte The Great Ace Attorney Chronicles. [] []
[2021-11-27T11:31:12.301661+01:00] VideoClubLog.INFO: Añadido soporte Los cazafantasmas. [] []
[2021-11-27T11:31:12.314307+01:00] VideoClubLog.INFO: Se ha añadido el Socio 1 Shin Chan a socios. [] []
[2021-11-27T11:31:12.315135+01:00] VideoClubLog.INFO: Se ha añadido el Socio 2 Misae Nohara a socios. [] []
[2021-11-27T11:31:12.315446+01:00] VideoClubLog.INFO: Se ha añadido el Socio 3 Hiroshi Nohara a socios. [] []
[2021-11-27T11:31:12.315744+01:00] VideoClubLog.INFO: Se ha añadido el Socio 4 Ume Matsuzaka a socios. [] []
[2021-11-27T11:31:12.316044+01:00] VideoClubLog.INFO: Se ha añadido el Socio 5 Midori Ishizaka a socios. [] []
[2021-11-27T11:32:11.429859+01:00] VideoClubLog.INFO: Añadido soporte Metroid Dread. [] []
[2021-11-27T11:32:11.489783+01:00] VideoClubLog.INFO: Añadido soporte Pokémon Diamante Brillante. [] []
[2021-11-27T11:32:11.490105+01:00] VideoClubLog.INFO: Añadido soporte The Great Ace Attorney Chronicles. [] []
[2021-11-27T11:32:11.502102+01:00] VideoClubLog.INFO: Añadido soporte Los cazafantasmas. [] []
[2021-11-27T11:32:11.515968+01:00] VideoClubLog.INFO: Se ha añadido el Socio 1 Shin Chan a socios. [] []
[2021-11-27T11:32:11.516397+01:00] VideoClubLog.INFO: Se ha añadido el Socio 2 Misae Nohara a socios. [] []
[2021-11-27T11:32:11.516796+01:00] VideoClubLog.INFO: Se ha añadido el Socio 3 Hiroshi Nohara a socios. [] []
[2021-11-27T11:32:11.517206+01:00] VideoClubLog.INFO: Se ha añadido el Socio 4 Ume Matsuzaka a socios. [] []
[2021-11-27T11:32:11.517625+01:00] VideoClubLog.INFO: Se ha añadido el Socio 5 Midori Ishizaka a socios. [] []
[2021-11-27T11:32:23.074952+01:00] VideoClubLog.INFO: Añadido soporte Metroid Dread. [] []
[2021-11-27T11:32:23.139909+01:00] VideoClubLog.INFO: Añadido soporte Pokémon Diamante Brillante. [] []
[2021-11-27T11:32:23.140214+01:00] VideoClubLog.INFO: Añadido soporte The Great Ace Attorney Chronicles. [] []
[2021-11-27T11:32:23.152196+01:00] VideoClubLog.INFO: Añadido soporte Los cazafantasmas. [] []
[2021-11-27T11:32:23.164628+01:00] VideoClubLog.INFO: Se ha añadido el Socio 1 Shin Chan a socios. [] []
[2021-11-27T11:32:23.165049+01:00] VideoClubLog.INFO: Se ha añadido el Socio 2 Misae Nohara a socios. [] []
[2021-11-27T11:32:23.165394+01:00] VideoClubLog.INFO: Se ha añadido el Socio 3 Hiroshi Nohara a socios. [] []
[2021-11-27T11:32:23.165733+01:00] VideoClubLog.INFO: Se ha añadido el Socio 4 Ume Matsuzaka a socios. [] []
[2021-11-27T11:32:23.166061+01:00] VideoClubLog.INFO: Se ha añadido el Socio 5 Midori Ishizaka a socios. [] []
[2021-11-27T11:32:35.074083+01:00] VideoClubLog.INFO: Añadido soporte Metroid Dread. [] []
[2021-11-27T11:32:35.138349+01:00] VideoClubLog.INFO: Añadido soporte Pokémon Diamante Brillante. [] []
[2021-11-27T11:32:35.138748+01:00] VideoClubLog.INFO: Añadido soporte The Great Ace Attorney Chronicles. [] []
[2021-11-27T11:32:35.151941+01:00] VideoClubLog.INFO: Añadido soporte Los cazafantasmas. [] []
[2021-11-27T11:32:35.164537+01:00] VideoClubLog.INFO: Se ha añadido el Socio 1 Shin Chan a socios. [] []
[2021-11-27T11:32:35.164959+01:00] VideoClubLog.INFO: Se ha añadido el Socio 2 Misae Nohara a socios. [] []
[2021-11-27T11:32:35.165339+01:00] VideoClubLog.INFO: Se ha añadido el Socio 3 Hiroshi Nohara a socios. [] []
[2021-11-27T11:32:35.165700+01:00] VideoClubLog.INFO: Se ha añadido el Socio 4 Ume Matsuzaka a socios. [] []
[2021-11-27T11:32:35.166084+01:00] VideoClubLog.INFO: Se ha añadido el Socio 5 Midori Ishizaka a socios. [] []
[2021-11-27T11:32:36.039482+01:00] VideoClubLog.INFO: Añadido soporte Metroid Dread. [] []
[2021-11-27T11:32:36.061002+01:00] VideoClubLog.INFO: Añadido soporte Pokémon Diamante Brillante. [] []
[2021-11-27T11:32:36.061368+01:00] VideoClubLog.INFO: Añadido soporte The Great Ace Attorney Chronicles. [] []
[2021-11-27T11:32:36.065457+01:00] VideoClubLog.INFO: Añadido soporte Los cazafantasmas. [] []
[2021-11-27T11:32:36.069306+01:00] VideoClubLog.INFO: Se ha añadido el Socio 1 Shin Chan a socios. [] []
[2021-11-27T11:32:36.069779+01:00] VideoClubLog.INFO: Se ha añadido el Socio 2 Misae Nohara a socios. [] []
[2021-11-27T11:32:36.070174+01:00] VideoClubLog.INFO: Se ha añadido el Socio 3 Hiroshi Nohara a socios. [] []
[2021-11-27T11:32:36.070648+01:00] VideoClubLog.INFO: Se ha añadido el Socio 4 Ume Matsuzaka a socios. [] []
[2021-11-27T11:32:36.071123+01:00] VideoClubLog.INFO: Se ha añadido el Socio 5 Midori Ishizaka a socios. [] []
[2021-11-27T11:32:36.967717+01:00] VideoClubLog.INFO: Añadido soporte Metroid Dread. [] []
[2021-11-27T11:32:36.990234+01:00] VideoClubLog.INFO: Añadido soporte Pokémon Diamante Brillante. [] []
[2021-11-27T11:32:36.990485+01:00] VideoClubLog.INFO: Añadido soporte The Great Ace Attorney Chronicles. [] []
[2021-11-27T11:32:36.993905+01:00] VideoClubLog.INFO: Añadido soporte Los cazafantasmas. [] []
[2021-11-27T11:32:36.997884+01:00] VideoClubLog.INFO: Se ha añadido el Socio 1 Shin Chan a socios. [] []
[2021-11-27T11:32:36.998207+01:00] VideoClubLog.INFO: Se ha añadido el Socio 2 Misae Nohara a socios. [] []
[2021-11-27T11:32:36.998561+01:00] VideoClubLog.INFO: Se ha añadido el Socio 3 Hiroshi Nohara a socios. [] []
[2021-11-27T11:32:36.998995+01:00] VideoClubLog.INFO: Se ha añadido el Socio 4 Ume Matsuzaka a socios. [] []
[2021-11-27T11:32:36.999395+01:00] VideoClubLog.INFO: Se ha añadido el Socio 5 Midori Ishizaka a socios. [] []
[2021-11-27T11:32:39.164418+01:00] VideoClubLog.INFO: Añadido soporte Metroid Dread. [] []
[2021-11-27T11:32:39.197414+01:00] VideoClubLog.INFO: Añadido soporte Pokémon Diamante Brillante. [] []
[2021-11-27T11:32:39.197655+01:00] VideoClubLog.INFO: Añadido soporte The Great Ace Attorney Chronicles. [] []
[2021-11-27T11:32:39.204165+01:00] VideoClubLog.INFO: Añadido soporte Los cazafantasmas. [] []
[2021-11-27T11:32:39.210309+01:00] VideoClubLog.INFO: Se ha añadido el Socio 1 Shin Chan a socios. [] []
[2021-11-27T11:32:39.210618+01:00] VideoClubLog.INFO: Se ha añadido el Socio 2 Misae Nohara a socios. [] []
[2021-11-27T11:32:39.210894+01:00] VideoClubLog.INFO: Se ha añadido el Socio 3 Hiroshi Nohara a socios. [] []
[2021-11-27T11:32:39.211134+01:00] VideoClubLog.INFO: Se ha añadido el Socio 4 Ume Matsuzaka a socios. [] []
[2021-11-27T11:32:39.211407+01:00] VideoClubLog.INFO: Se ha añadido el Socio 5 Midori Ishizaka a socios. [] []
[2021-11-27T11:32:40.921101+01:00] VideoClubLog.INFO: Añadido soporte Metroid Dread. [] []
[2021-11-27T11:32:40.940799+01:00] VideoClubLog.INFO: Añadido soporte Pokémon Diamante Brillante. [] []
[2021-11-27T11:32:40.941132+01:00] VideoClubLog.INFO: Añadido soporte The Great Ace Attorney Chronicles. [] []
[2021-11-27T11:32:40.945677+01:00] VideoClubLog.INFO: Añadido soporte Los cazafantasmas. [] []
[2021-11-27T11:32:40.951818+01:00] VideoClubLog.INFO: Se ha añadido el Socio 1 Shin Chan a socios. [] []
[2021-11-27T11:32:40.952351+01:00] VideoClubLog.INFO: Se ha añadido el Socio 2 Misae Nohara a socios. [] []
[2021-11-27T11:32:40.952858+01:00] VideoClubLog.INFO: Se ha añadido el Socio 3 Hiroshi Nohara a socios. [] []
[2021-11-27T11:32:40.953522+01:00] VideoClubLog.INFO: Se ha añadido el Socio 4 Ume Matsuzaka a socios. [] []
[2021-11-27T11:32:40.953941+01:00] VideoClubLog.INFO: Se ha añadido el Socio 5 Midori Ishizaka a socios. [] []
[2021-11-27T11:32:41.896421+01:00] VideoClubLog.INFO: Añadido soporte Metroid Dread. [] []
[2021-11-27T11:32:41.925913+01:00] VideoClubLog.INFO: Añadido soporte Pokémon Diamante Brillante. [] []
[2021-11-27T11:32:41.926116+01:00] VideoClubLog.INFO: Añadido soporte The Great Ace Attorney Chronicles. [] []
[2021-11-27T11:32:41.931641+01:00] VideoClubLog.INFO: Añadido soporte Los cazafantasmas. [] []
[2021-11-27T11:32:41.939431+01:00] VideoClubLog.INFO: Se ha añadido el Socio 1 Shin Chan a socios. [] []
[2021-11-27T11:32:41.939923+01:00] VideoClubLog.INFO: Se ha añadido el Socio 2 Misae Nohara a socios. [] []
[2021-11-27T11:32:41.940480+01:00] VideoClubLog.INFO: Se ha añadido el Socio 3 Hiroshi Nohara a socios. [] []
[2021-11-27T11:32:41.940911+01:00] VideoClubLog.INFO: Se ha añadido el Socio 4 Ume Matsuzaka a socios. [] []
[2021-11-27T11:32:41.941263+01:00] VideoClubLog.INFO: Se ha añadido el Socio 5 Midori Ishizaka a socios. [] []
[2021-11-27T11:32:42.953955+01:00] VideoClubLog.INFO: Añadido soporte Metroid Dread. [] []
[2021-11-27T11:32:42.976895+01:00] VideoClubLog.INFO: Añadido soporte Pokémon Diamante Brillante. [] []
[2021-11-27T11:32:42.977143+01:00] VideoClubLog.INFO: Añadido soporte The Great Ace Attorney Chronicles. [] []
[2021-11-27T11:32:42.980340+01:00] VideoClubLog.INFO: Añadido soporte Los cazafantasmas. [] []
[2021-11-27T11:32:42.984524+01:00] VideoClubLog.INFO: Se ha añadido el Socio 1 Shin Chan a socios. [] []
[2021-11-27T11:32:42.984928+01:00] VideoClubLog.INFO: Se ha añadido el Socio 2 Misae Nohara a socios. [] []
[2021-11-27T11:32:42.985266+01:00] VideoClubLog.INFO: Se ha añadido el Socio 3 Hiroshi Nohara a socios. [] []
[2021-11-27T11:32:42.985669+01:00] VideoClubLog.INFO: Se ha añadido el Socio 4 Ume Matsuzaka a socios. [] []
[2021-11-27T11:32:42.986001+01:00] VideoClubLog.INFO: Se ha añadido el Socio 5 Midori Ishizaka a socios. [] []
[2021-11-27T11:32:45.076434+01:00] VideoClubLog.INFO: Añadido soporte Metroid Dread. [] []
[2021-11-27T11:32:45.112065+01:00] VideoClubLog.INFO: Añadido soporte Pokémon Diamante Brillante. [] []
[2021-11-27T11:32:45.112321+01:00] VideoClubLog.INFO: Añadido soporte The Great Ace Attorney Chronicles. [] []
[2021-11-27T11:32:45.120572+01:00] VideoClubLog.INFO: Añadido soporte Los cazafantasmas. [] []
[2021-11-27T11:32:45.129267+01:00] VideoClubLog.INFO: Se ha añadido el Socio 1 Shin Chan a socios. [] []
[2021-11-27T11:32:45.129630+01:00] VideoClubLog.INFO: Se ha añadido el Socio 2 Misae Nohara a socios. [] []
[2021-11-27T11:32:45.130022+01:00] VideoClubLog.INFO: Se ha añadido el Socio 3 Hiroshi Nohara a socios. [] []
[2021-11-27T11:32:45.130357+01:00] VideoClubLog.INFO: Se ha añadido el Socio 4 Ume Matsuzaka a socios. [] []
[2021-11-27T11:32:45.130714+01:00] VideoClubLog.INFO: Se ha añadido el Socio 5 Midori Ishizaka a socios. [] []
[2021-11-27T11:34:09.215958+01:00] VideoClubLog.INFO: Añadido soporte Metroid Dread. [] []
[2021-11-27T11:34:09.284231+01:00] VideoClubLog.INFO: Añadido soporte Pokémon Diamante Brillante. [] []
[2021-11-27T11:34:09.284575+01:00] VideoClubLog.INFO: Añadido soporte The Great Ace Attorney Chronicles. [] []
[2021-11-27T11:34:09.299675+01:00] VideoClubLog.INFO: Añadido soporte Los cazafantasmas. [] []
[2021-11-27T11:34:09.313518+01:00] VideoClubLog.INFO: Se ha añadido el Socio 1 Shin Chan a socios. [] []
[2021-11-27T11:34:09.313984+01:00] VideoClubLog.INFO: Se ha añadido el Socio 2 Misae Nohara a socios. [] []
[2021-11-27T11:34:09.314339+01:00] VideoClubLog.INFO: Se ha añadido el Socio 3 Hiroshi Nohara a socios. [] []
[2021-11-27T11:34:09.314766+01:00] VideoClubLog.INFO: Se ha añadido el Socio 4 Ume Matsuzaka a socios. [] []
[2021-11-27T11:34:09.315239+01:00] VideoClubLog.INFO: Se ha añadido el Socio 5 Midori Ishizaka a socios. [] []
[2021-11-27T11:38:30.724636+01:00] VideoClubLog.INFO: Añadido soporte Metroid Dread. [] []
[2021-11-27T11:38:30.780496+01:00] VideoClubLog.INFO: Añadido soporte Pokémon Diamante Brillante. [] []
[2021-11-27T11:38:30.780768+01:00] VideoClubLog.INFO: Añadido soporte The Great Ace Attorney Chronicles. [] []
[2021-11-27T11:38:30.791202+01:00] VideoClubLog.INFO: Añadido soporte Los cazafantasmas. [] []
[2021-11-27T11:38:30.802892+01:00] VideoClubLog.INFO: Se ha añadido el Socio 1 Shin Chan a socios. [] []
[2021-11-27T11:38:30.803231+01:00] VideoClubLog.INFO: Se ha añadido el Socio 2 Misae Nohara a socios. [] []
[2021-11-27T11:38:30.803570+01:00] VideoClubLog.INFO: Se ha añadido el Socio 3 Hiroshi Nohara a socios. [] []
[2021-11-27T11:38:30.803894+01:00] VideoClubLog.INFO: Se ha añadido el Socio 4 Ume Matsuzaka a socios. [] []
[2021-11-27T11:38:30.804265+01:00] VideoClubLog.INFO: Se ha añadido el Socio 5 Midori Ishizaka a socios. [] []
[2021-11-27T11:53:00.921864+01:00] VideoClubLog.INFO: Añadido soporte Metroid Dread. [] []
[2021-11-27T11:53:00.967479+01:00] VideoClubLog.INFO: Añadido soporte Pokémon Diamante Brillante. [] []
[2021-11-27T11:53:00.967775+01:00] VideoClubLog.INFO: Añadido soporte The Great Ace Attorney Chronicles. [] []
[2021-11-27T11:53:00.979777+01:00] VideoClubLog.INFO: Añadido soporte Los cazafantasmas. [] []
[2021-11-27T11:53:00.991001+01:00] VideoClubLog.INFO: Se ha añadido el Socio 1 Shin Chan a socios. [] []
[2021-11-27T11:53:00.991296+01:00] VideoClubLog.INFO: Se ha añadido el Socio 2 Misae Nohara a socios. [] []
[2021-11-27T11:53:00.991571+01:00] VideoClubLog.INFO: Se ha añadido el Socio 3 Hiroshi Nohara a socios. [] []
[2021-11-27T11:53:00.991837+01:00] VideoClubLog.INFO: Se ha añadido el Socio 4 Ume Matsuzaka a socios. [] []
[2021-11-27T11:53:00.992109+01:00] VideoClubLog.INFO: Se ha añadido el Socio 5 Midori Ishizaka a socios. [] []
[2021-11-27T11:53:55.601400+01:00] VideoClubLog.INFO: Añadido soporte Metroid Dread. [] []
[2021-11-27T11:53:55.666024+01:00] VideoClubLog.INFO: Añadido soporte Pokémon Diamante Brillante. [] []
[2021-11-27T11:53:55.666392+01:00] VideoClubLog.INFO: Añadido soporte The Great Ace Attorney Chronicles. [] []
[2021-11-27T11:53:55.676961+01:00] VideoClubLog.INFO: Añadido soporte Los cazafantasmas. [] []
[2021-11-27T11:53:55.687763+01:00] VideoClubLog.INFO: Se ha añadido el Socio 1 Shin Chan a socios. [] []
[2021-11-27T11:53:55.688116+01:00] VideoClubLog.INFO: Se ha añadido el Socio 2 Misae Nohara a socios. [] []
[2021-11-27T11:53:55.688463+01:00] VideoClubLog.INFO: Se ha añadido el Socio 3 Hiroshi Nohara a socios. [] []
[2021-11-27T11:53:55.688853+01:00] VideoClubLog.INFO: Se ha añadido el Socio 4 Ume Matsuzaka a socios. [] []
[2021-11-27T11:53:55.689226+01:00] VideoClubLog.INFO: Se ha añadido el Socio 5 Midori Ishizaka a socios. [] []
[2021-11-27T11:55:51.259917+01:00] VideoClubLog.INFO: Añadido soporte Metroid Dread. [] []
[2021-11-27T11:55:51.317627+01:00] VideoClubLog.INFO: Añadido soporte Pokémon Diamante Brillante. [] []
[2021-11-27T11:55:51.317915+01:00] VideoClubLog.INFO: Añadido soporte The Great Ace Attorney Chronicles. [] []
[2021-11-27T11:55:51.329115+01:00] VideoClubLog.INFO: Añadido soporte Los cazafantasmas. [] []
[2021-11-27T11:55:51.347140+01:00] VideoClubLog.INFO: Se ha añadido el Socio 1 Shin Chan a socios. [] []
[2021-11-27T11:55:51.347460+01:00] VideoClubLog.INFO: Se ha añadido el Socio 2 Misae Nohara a socios. [] []
[2021-11-27T11:55:51.347758+01:00] VideoClubLog.INFO: Se ha añadido el Socio 3 Hiroshi Nohara a socios. [] []
[2021-11-27T11:55:51.348084+01:00] VideoClubLog.INFO: Se ha añadido el Socio 4 Ume Matsuzaka a socios. [] []
[2021-11-27T11:55:51.348385+01:00] VideoClubLog.INFO: Se ha añadido el Socio 5 Midori Ishizaka a socios. [] []
[2021-11-27T11:56:25.332206+01:00] VideoClubLog.INFO: Añadido soporte Metroid Dread. [] []
[2021-11-27T11:56:25.386752+01:00] VideoClubLog.INFO: Añadido soporte Pokémon Diamante Brillante. [] []
[2021-11-27T11:56:25.387118+01:00] VideoClubLog.INFO: Añadido soporte The Great Ace Attorney Chronicles. [] []
[2021-11-27T11:56:25.397904+01:00] VideoClubLog.INFO: Añadido soporte Los cazafantasmas. [] []
[2021-11-27T11:56:25.414845+01:00] VideoClubLog.INFO: Se ha añadido el Socio 1 Shin Chan a socios. [] []
[2021-11-27T11:56:25.415159+01:00] VideoClubLog.INFO: Se ha añadido el Socio 2 Misae Nohara a socios. [] []
[2021-11-27T11:56:25.415423+01:00] VideoClubLog.INFO: Se ha añadido el Socio 3 Hiroshi Nohara a socios. [] []
[2021-11-27T11:56:25.415700+01:00] VideoClubLog.INFO: Se ha añadido el Socio 4 Ume Matsuzaka a socios. [] []
[2021-11-27T11:56:25.416095+01:00] VideoClubLog.INFO: Se ha añadido el Socio 5 Midori Ishizaka a socios. [] []
[2021-11-27T11:59:20.944905+01:00] VideoClubLog.INFO: Añadido soporte Metroid Dread. [] []
[2021-11-27T11:59:20.996605+01:00] VideoClubLog.INFO: Añadido soporte Pokémon Diamante Brillante. [] []
[2021-11-27T11:59:20.997118+01:00] VideoClubLog.INFO: Añadido soporte The Great Ace Attorney Chronicles. [] []
[2021-11-27T11:59:21.006981+01:00] VideoClubLog.INFO: Añadido soporte Los cazafantasmas. [] []
[2021-11-27T11:59:21.017655+01:00] VideoClubLog.INFO: Se ha añadido el Socio 1 Shin Chan a socios. [] []
[2021-11-27T11:59:21.018005+01:00] VideoClubLog.INFO: Se ha añadido el Socio 2 Misae Nohara a socios. [] []
[2021-11-27T11:59:21.018303+01:00] VideoClubLog.INFO: Se ha añadido el Socio 3 Hiroshi Nohara a socios. [] []
[2021-11-27T11:59:21.018684+01:00] VideoClubLog.INFO: Se ha añadido el Socio 4 Ume Matsuzaka a socios. [] []
[2021-11-27T11:59:21.018980+01:00] VideoClubLog.INFO: Se ha añadido el Socio 5 Midori Ishizaka a socios. [] []
[2021-11-27T12:05:13.012587+01:00] VideoClubLog.INFO: Añadido soporte Metroid Dread. [] []
[2021-11-27T12:05:13.072204+01:00] VideoClubLog.INFO: Añadido soporte Pokémon Diamante Brillante. [] []
[2021-11-27T12:05:13.072529+01:00] VideoClubLog.INFO: Añadido soporte The Great Ace Attorney Chronicles. [] []
[2021-11-27T12:05:13.084272+01:00] VideoClubLog.INFO: Añadido soporte Los cazafantasmas. [] []
[2021-11-27T12:05:13.095231+01:00] VideoClubLog.INFO: Se ha añadido el Socio 1 Shin Chan a socios. [] []
[2021-11-27T12:05:13.095508+01:00] VideoClubLog.INFO: Se ha añadido el Socio 2 Misae Nohara a socios. [] []
[2021-11-27T12:05:13.095810+01:00] VideoClubLog.INFO: Se ha añadido el Socio 3 Hiroshi Nohara a socios. [] []
[2021-11-27T12:05:13.096095+01:00] VideoClubLog.INFO: Se ha añadido el Socio 4 Ume Matsuzaka a socios. [] []
[2021-11-27T12:05:13.096341+01:00] VideoClubLog.INFO: Se ha añadido el Socio 5 Midori Ishizaka a socios. [] []
[2021-11-27T12:12:15.249888+01:00] VideoClubLog.INFO: Añadido soporte Metroid Dread. [] []
[2021-11-27T12:12:15.306333+01:00] VideoClubLog.INFO: Añadido soporte Pokémon Diamante Brillante. [] []
[2021-11-27T12:12:15.306629+01:00] VideoClubLog.INFO: Añadido soporte The Great Ace Attorney Chronicles. [] []
[2021-11-27T12:12:15.317257+01:00] VideoClubLog.INFO: Añadido soporte Los cazafantasmas. [] []
[2021-11-27T12:12:15.328317+01:00] VideoClubLog.INFO: Se ha añadido el Socio 1 Shin Chan a socios. [] []
[2021-11-27T12:12:15.328770+01:00] VideoClubLog.INFO: Se ha añadido el Socio 2 Misae Nohara a socios. [] []
[2021-11-27T12:12:15.329201+01:00] VideoClubLog.INFO: Se ha añadido el Socio 3 Hiroshi Nohara a socios. [] []
[2021-11-27T12:12:15.329603+01:00] VideoClubLog.INFO: Se ha añadido el Socio 4 Ume Matsuzaka a socios. [] []
[2021-11-27T12:12:15.330007+01:00] VideoClubLog.INFO: Se ha añadido el Socio 5 Midori Ishizaka a socios. [] []
[2021-11-27T13:04:20.751152+01:00] VideoClubLog.INFO: Añadido soporte Metroid Dread. [] []
[2021-11-27T13:04:20.816143+01:00] VideoClubLog.INFO: Añadido soporte Pokémon Diamante Brillante. [] []
[2021-11-27T13:04:20.816425+01:00] VideoClubLog.INFO: Añadido soporte The Great Ace Attorney Chronicles. [] []
[2021-11-27T13:04:20.828266+01:00] VideoClubLog.INFO: Añadido soporte Los cazafantasmas. [] []
[2021-11-27T13:04:20.846000+01:00] VideoClubLog.INFO: Se ha añadido el Socio 1 Shin Chan a socios. [] []
[2021-11-27T13:04:20.846496+01:00] VideoClubLog.INFO: Se ha añadido el Socio 2 Misae Nohara a socios. [] []
[2021-11-27T13:04:20.847035+01:00] VideoClubLog.INFO: Se ha añadido el Socio 3 Hiroshi Nohara a socios. [] []
[2021-11-27T13:04:20.847478+01:00] VideoClubLog.INFO: Se ha añadido el Socio 4 Ume Matsuzaka a socios. [] []
[2021-11-27T13:04:20.847945+01:00] VideoClubLog.INFO: Se ha añadido el Socio 5 Midori Ishizaka a socios. [] []
